<?xml version="1.0" encoding="UTF-8"?>
<!-- Generated by org.testng.reporters.JUnitReportReporter -->
<testsuite hostname="DESKTOP-VKVQ7H7" failures="0" tests="1" name="tests.LoginTest" time="6.004" errors="0" timestamp="2025-03-03T12:41:18 CET" skipped="0">
  <testcase classname="tests.LoginTest" name="testValidLogin" time="6.004"/>
</testsuite> <!-- tests.LoginTest -->
