<?xml version="1.0" encoding="UTF-8"?>
<!-- Generated by org.testng.reporters.JUnitReportReporter -->
<testsuite hostname="DESKTOP-VKVQ7H7" failures="0" tests="1" name="tests.LoginTest" time="5.727" errors="0" timestamp="2025-03-04T15:41:59 CET" skipped="0">
  <testcase classname="tests.LoginTest" name="testValidLogin" time="5.727"/>
</testsuite> <!-- tests.LoginTest -->
