<?xml version="1.0" encoding="UTF-8"?>
<!-- Generated by org.testng.reporters.JUnitReportReporter -->
<testsuite hostname="DESKTOP-VKVQ7H7" failures="0" tests="1" name="tests.LoginTest" time="7.571" errors="0" timestamp="2025-02-26T22:11:44 CET" skipped="0">
  <testcase classname="tests.LoginTest" name="testValidLogin" time="7.571"/>
</testsuite> <!-- tests.LoginTest -->
